11-11 19:09:06 com_github_MitjaNemec_SaveRestoreLayout.action_save_restore_layout 178:Plugin executed on: 'win32'
11-11 19:09:06 com_github_MitjaNemec_SaveRestoreLayout.action_save_restore_layout 179:Plugin executed with python version: '3.11.5 (main, Aug 14 2024, 05:26:19) [MSC v.1939 64 bit (AMD64)]'
11-11 19:09:06 com_github_MitjaNemec_SaveRestoreLayout.action_save_restore_layout 180:KiCad build version: 8.0.6
11-11 19:09:06 com_github_MitjaNemec_SaveRestoreLayout.action_save_restore_layout 181:Plugin version: 3.0.1
11-11 19:09:06 com_github_MitjaNemec_SaveRestoreLayout.action_save_restore_layout 182:Frame repr: <wx._core.Frame object at 0x00000272338B5AB0>
11-11 19:09:06 com_github_MitjaNemec_SaveRestoreLayout.action_save_restore_layout 200:Anchor footprint reference is 'Q1'
11-11 19:09:07 com_github_MitjaNemec_SaveRestoreLayout.action_save_restore_layout 280:Restore layout chosen
11-11 19:09:13 com_github_MitjaNemec_SaveRestoreLayout.action_save_restore_layout 75:Initialization start
11-11 19:09:13 com_github_MitjaNemec_SaveRestoreLayout.action_save_restore_layout 77:Initialization done Group name:
11-11 19:09:14 com_github_MitjaNemec_SaveRestoreLayout.save_restore_layout 788:Getting board info
11-11 19:09:14 com_github_MitjaNemec_SaveRestoreLayout.save_restore_layout 791:Get project schematics and layout data
11-11 19:09:14 com_github_MitjaNemec_SaveRestoreLayout.save_restore_layout 176:getting a list of all footprints on board
11-11 19:09:14 com_github_MitjaNemec_SaveRestoreLayout.save_restore_layout 800:There is more than one footprint with same ID in the target layout.This is due the multiple hierarchical sheets. The plugin can not resolve this issue
11-11 19:09:14 com_github_MitjaNemec_SaveRestoreLayout.save_restore_layout 805:Loading saved design
11-11 19:09:14 com_github_MitjaNemec_SaveRestoreLayout.save_restore_layout 830:Source level is:['tmc6300_with_current_sense.kicad_sch']
11-11 19:09:14 com_github_MitjaNemec_SaveRestoreLayout.save_restore_layout 835:Destination footprint is:'Q1'
11-11 19:09:14 com_github_MitjaNemec_SaveRestoreLayout.save_restore_layout 836:Destination levels available are:['H_brdige_AP30H80Q.kicad_sch']
11-11 19:09:23 com_github_MitjaNemec_SaveRestoreLayout.action_save_restore_layout 325:Error when restoring layout
Traceback (most recent call last):
  File "C:\Users\Alexchunlin\Documents\KiCad\8.0\3rdparty\plugins\com_github_MitjaNemec_SaveRestoreLayout\action_save_restore_layout.py", line 318, in Run
    restore_layout.restore_layout(layout_file)
  File "C:\Users\Alexchunlin\Documents\KiCad\8.0\3rdparty\plugins\com_github_MitjaNemec_SaveRestoreLayout\save_restore_layout.py", line 840, in restore_layout
    raise LookupError("Destination hierarchy: " + repr(self.dst_anchor_fp.filename) + "\n"
LookupError: Destination hierarchy: ['H_brdige_AP30H80Q.kicad_sch']
does not match source level: 'tmc6300_with_current_sense.kicad_sch'
